<?xml version="1.0" encoding="UTF-8"?>
<?xml-stylesheet href="CoreNLP-to-HTML.xsl" type="text/xsl"?>
<root>
  <document>
    <sentences>
      <sentence id="1">
        <tokens>
          <token id="1">
            <word>This</word>
            <lemma>this</lemma>
            <CharacterOffsetBegin>0</CharacterOffsetBegin>
            <CharacterOffsetEnd>4</CharacterOffsetEnd>
            <POS>DT</POS>
            <NER>O</NER>
            <Speaker>PER0</Speaker>
          </token>
          <token id="2">
            <word>is</word>
            <lemma>be</lemma>
            <CharacterOffsetBegin>5</CharacterOffsetBegin>
            <CharacterOffsetEnd>7</CharacterOffsetEnd>
            <POS>VBZ</POS>
            <NER>O</NER>
            <Speaker>PER0</Speaker>
          </token>
          <token id="3">
            <word>a</word>
            <lemma>a</lemma>
            <CharacterOffsetBegin>8</CharacterOffsetBegin>
            <CharacterOffsetEnd>9</CharacterOffsetEnd>
            <POS>DT</POS>
            <NER>O</NER>
            <Speaker>PER0</Speaker>
          </token>
          <token id="4">
            <word>fantastic</word>
            <lemma>fantastic</lemma>
            <CharacterOffsetBegin>10</CharacterOffsetBegin>
            <CharacterOffsetEnd>19</CharacterOffsetEnd>
            <POS>JJ</POS>
            <NER>O</NER>
            <Speaker>PER0</Speaker>
          </token>
          <token id="5">
            <word>case</word>
            <lemma>case</lemma>
            <CharacterOffsetBegin>20</CharacterOffsetBegin>
            <CharacterOffsetEnd>24</CharacterOffsetEnd>
            <POS>NN</POS>
            <NER>O</NER>
            <Speaker>PER0</Speaker>
          </token>
          <token id="6">
            <word>.</word>
            <lemma>.</lemma>
            <CharacterOffsetBegin>24</CharacterOffsetBegin>
            <CharacterOffsetEnd>25</CharacterOffsetEnd>
            <POS>.</POS>
            <NER>O</NER>
            <Speaker>PER0</Speaker>
          </token>
        </tokens>
        <parse>(ROOT
          (S
          (NP (DT This))
          (VP (VBZ is)
          (NP (DT a)
          (ADJP (JJ fantastic))
          (NN case)))
          (. .)))
          
          </parse>
        <dependencies type="basic-dependencies">
          <dep type="root">
            <governor idx="0">ROOT</governor>
            <dependent idx="5">case</dependent>
          </dep>
          <dep type="nsubj">
            <governor idx="5">case</governor>
            <dependent idx="1">This</dependent>
          </dep>
          <dep type="cop">
            <governor idx="5">case</governor>
            <dependent idx="2">is</dependent>
          </dep>
          <dep type="det">
            <governor idx="5">case</governor>
            <dependent idx="3">a</dependent>
          </dep>
          <dep type="amod">
            <governor idx="5">case</governor>
            <dependent idx="4">fantastic</dependent>
          </dep>
          <dep type="punct">
            <governor idx="5">case</governor>
            <dependent idx="6">.</dependent>
          </dep>
        </dependencies>
        <dependencies type="collapsed-dependencies">
          <dep type="root">
            <governor idx="0">ROOT</governor>
            <dependent idx="5">case</dependent>
          </dep>
          <dep type="nsubj">
            <governor idx="5">case</governor>
            <dependent idx="1">This</dependent>
          </dep>
          <dep type="cop">
            <governor idx="5">case</governor>
            <dependent idx="2">is</dependent>
          </dep>
          <dep type="det">
            <governor idx="5">case</governor>
            <dependent idx="3">a</dependent>
          </dep>
          <dep type="amod">
            <governor idx="5">case</governor>
            <dependent idx="4">fantastic</dependent>
          </dep>
          <dep type="punct">
            <governor idx="5">case</governor>
            <dependent idx="6">.</dependent>
          </dep>
        </dependencies>
        <dependencies type="collapsed-ccprocessed-dependencies">
          <dep type="root">
            <governor idx="0">ROOT</governor>
            <dependent idx="5">case</dependent>
          </dep>
          <dep type="nsubj">
            <governor idx="5">case</governor>
            <dependent idx="1">This</dependent>
          </dep>
          <dep type="cop">
            <governor idx="5">case</governor>
            <dependent idx="2">is</dependent>
          </dep>
          <dep type="det">
            <governor idx="5">case</governor>
            <dependent idx="3">a</dependent>
          </dep>
          <dep type="amod">
            <governor idx="5">case</governor>
            <dependent idx="4">fantastic</dependent>
          </dep>
          <dep type="punct">
            <governor idx="5">case</governor>
            <dependent idx="6">.</dependent>
          </dep>
        </dependencies>
      </sentence>
      <sentence id="2">
        <tokens>
          <token id="1">
            <word>Very</word>
            <lemma>very</lemma>
            <CharacterOffsetBegin>26</CharacterOffsetBegin>
            <CharacterOffsetEnd>30</CharacterOffsetEnd>
            <POS>RB</POS>
            <NER>O</NER>
            <Speaker>PER0</Speaker>
          </token>
          <token id="2">
            <word>stylish</word>
            <lemma>stylish</lemma>
            <CharacterOffsetBegin>31</CharacterOffsetBegin>
            <CharacterOffsetEnd>38</CharacterOffsetEnd>
            <POS>JJ</POS>
            <NER>O</NER>
            <Speaker>PER0</Speaker>
          </token>
          <token id="3">
            <word>and</word>
            <lemma>and</lemma>
            <CharacterOffsetBegin>39</CharacterOffsetBegin>
            <CharacterOffsetEnd>42</CharacterOffsetEnd>
            <POS>CC</POS>
            <NER>O</NER>
            <Speaker>PER0</Speaker>
          </token>
          <token id="4">
            <word>protects</word>
            <lemma>protect</lemma>
            <CharacterOffsetBegin>43</CharacterOffsetBegin>
            <CharacterOffsetEnd>51</CharacterOffsetEnd>
            <POS>VBZ</POS>
            <NER>O</NER>
            <Speaker>PER0</Speaker>
          </token>
          <token id="5">
            <word>my</word>
            <lemma>my</lemma>
            <CharacterOffsetBegin>52</CharacterOffsetBegin>
            <CharacterOffsetEnd>54</CharacterOffsetEnd>
            <POS>PRP$</POS>
            <NER>O</NER>
            <Speaker>PER0</Speaker>
          </token>
          <token id="6">
            <word>phone</word>
            <lemma>phone</lemma>
            <CharacterOffsetBegin>55</CharacterOffsetBegin>
            <CharacterOffsetEnd>60</CharacterOffsetEnd>
            <POS>NN</POS>
            <NER>O</NER>
            <Speaker>PER0</Speaker>
          </token>
          <token id="7">
            <word>.</word>
            <lemma>.</lemma>
            <CharacterOffsetBegin>60</CharacterOffsetBegin>
            <CharacterOffsetEnd>61</CharacterOffsetEnd>
            <POS>.</POS>
            <NER>O</NER>
            <Speaker>PER0</Speaker>
          </token>
        </tokens>
        <parse>(ROOT
          (S
          (VP
          (VP
          (ADVP (RB Very))
          (JJ stylish))
          (CC and)
          (VP (VBZ protects)
          (NP (PRP$ my) (NN phone))))
          (. .)))
          
          </parse>
        <dependencies type="basic-dependencies">
          <dep type="root">
            <governor idx="0">ROOT</governor>
            <dependent idx="2">stylish</dependent>
          </dep>
          <dep type="advmod">
            <governor idx="2">stylish</governor>
            <dependent idx="1">Very</dependent>
          </dep>
          <dep type="cc">
            <governor idx="2">stylish</governor>
            <dependent idx="3">and</dependent>
          </dep>
          <dep type="conj">
            <governor idx="2">stylish</governor>
            <dependent idx="4">protects</dependent>
          </dep>
          <dep type="nmod:poss">
            <governor idx="6">phone</governor>
            <dependent idx="5">my</dependent>
          </dep>
          <dep type="dobj">
            <governor idx="4">protects</governor>
            <dependent idx="6">phone</dependent>
          </dep>
          <dep type="punct">
            <governor idx="2">stylish</governor>
            <dependent idx="7">.</dependent>
          </dep>
        </dependencies>
        <dependencies type="collapsed-dependencies">
          <dep type="root">
            <governor idx="0">ROOT</governor>
            <dependent idx="2">stylish</dependent>
          </dep>
          <dep type="advmod">
            <governor idx="2">stylish</governor>
            <dependent idx="1">Very</dependent>
          </dep>
          <dep type="cc">
            <governor idx="2">stylish</governor>
            <dependent idx="3">and</dependent>
          </dep>
          <dep type="conj:and">
            <governor idx="2">stylish</governor>
            <dependent idx="4">protects</dependent>
          </dep>
          <dep type="nmod:poss">
            <governor idx="6">phone</governor>
            <dependent idx="5">my</dependent>
          </dep>
          <dep type="dobj">
            <governor idx="4">protects</governor>
            <dependent idx="6">phone</dependent>
          </dep>
          <dep type="punct">
            <governor idx="2">stylish</governor>
            <dependent idx="7">.</dependent>
          </dep>
        </dependencies>
        <dependencies type="collapsed-ccprocessed-dependencies">
          <dep type="root">
            <governor idx="0">ROOT</governor>
            <dependent idx="2">stylish</dependent>
          </dep>
          <dep type="advmod">
            <governor idx="2">stylish</governor>
            <dependent idx="1">Very</dependent>
          </dep>
          <dep type="cc">
            <governor idx="2">stylish</governor>
            <dependent idx="3">and</dependent>
          </dep>
          <dep type="conj:and">
            <governor idx="2">stylish</governor>
            <dependent idx="4">protects</dependent>
          </dep>
          <dep type="nmod:poss">
            <governor idx="6">phone</governor>
            <dependent idx="5">my</dependent>
          </dep>
          <dep type="dobj">
            <governor idx="4">protects</governor>
            <dependent idx="6">phone</dependent>
          </dep>
          <dep type="punct">
            <governor idx="2">stylish</governor>
            <dependent idx="7">.</dependent>
          </dep>
        </dependencies>
      </sentence>
      <sentence id="3">
        <tokens>
          <token id="1">
            <word>Easy</word>
            <lemma>Easy</lemma>
            <CharacterOffsetBegin>62</CharacterOffsetBegin>
            <CharacterOffsetEnd>66</CharacterOffsetEnd>
            <POS>NNP</POS>
            <NER>O</NER>
            <Speaker>PER0</Speaker>
          </token>
          <token id="2">
            <word>access</word>
            <lemma>access</lemma>
            <CharacterOffsetBegin>67</CharacterOffsetBegin>
            <CharacterOffsetEnd>73</CharacterOffsetEnd>
            <POS>NN</POS>
            <NER>O</NER>
            <Speaker>PER0</Speaker>
          </token>
          <token id="3">
            <word>to</word>
            <lemma>to</lemma>
            <CharacterOffsetBegin>74</CharacterOffsetBegin>
            <CharacterOffsetEnd>76</CharacterOffsetEnd>
            <POS>TO</POS>
            <NER>O</NER>
            <Speaker>PER0</Speaker>
          </token>
          <token id="4">
            <word>all</word>
            <lemma>all</lemma>
            <CharacterOffsetBegin>77</CharacterOffsetBegin>
            <CharacterOffsetEnd>80</CharacterOffsetEnd>
            <POS>DT</POS>
            <NER>O</NER>
            <Speaker>PER0</Speaker>
          </token>
          <token id="5">
            <word>buttons</word>
            <lemma>button</lemma>
            <CharacterOffsetBegin>81</CharacterOffsetBegin>
            <CharacterOffsetEnd>88</CharacterOffsetEnd>
            <POS>NNS</POS>
            <NER>O</NER>
            <Speaker>PER0</Speaker>
          </token>
          <token id="6">
            <word>and</word>
            <lemma>and</lemma>
            <CharacterOffsetBegin>89</CharacterOffsetBegin>
            <CharacterOffsetEnd>92</CharacterOffsetEnd>
            <POS>CC</POS>
            <NER>O</NER>
            <Speaker>PER0</Speaker>
          </token>
          <token id="7">
            <word>features</word>
            <lemma>feature</lemma>
            <CharacterOffsetBegin>93</CharacterOffsetBegin>
            <CharacterOffsetEnd>101</CharacterOffsetEnd>
            <POS>NNS</POS>
            <NER>O</NER>
            <Speaker>PER0</Speaker>
          </token>
          <token id="8">
            <word>,</word>
            <lemma>,</lemma>
            <CharacterOffsetBegin>101</CharacterOffsetBegin>
            <CharacterOffsetEnd>102</CharacterOffsetEnd>
            <POS>,</POS>
            <NER>O</NER>
            <Speaker>PER0</Speaker>
          </token>
          <token id="9">
            <word>without</word>
            <lemma>without</lemma>
            <CharacterOffsetBegin>103</CharacterOffsetBegin>
            <CharacterOffsetEnd>110</CharacterOffsetEnd>
            <POS>IN</POS>
            <NER>O</NER>
            <Speaker>PER0</Speaker>
          </token>
          <token id="10">
            <word>any</word>
            <lemma>any</lemma>
            <CharacterOffsetBegin>111</CharacterOffsetBegin>
            <CharacterOffsetEnd>114</CharacterOffsetEnd>
            <POS>DT</POS>
            <NER>O</NER>
            <Speaker>PER0</Speaker>
          </token>
          <token id="11">
            <word>loss</word>
            <lemma>loss</lemma>
            <CharacterOffsetBegin>115</CharacterOffsetBegin>
            <CharacterOffsetEnd>119</CharacterOffsetEnd>
            <POS>NN</POS>
            <NER>O</NER>
            <Speaker>PER0</Speaker>
          </token>
          <token id="12">
            <word>of</word>
            <lemma>of</lemma>
            <CharacterOffsetBegin>120</CharacterOffsetBegin>
            <CharacterOffsetEnd>122</CharacterOffsetEnd>
            <POS>IN</POS>
            <NER>O</NER>
            <Speaker>PER0</Speaker>
          </token>
          <token id="13">
            <word>phone</word>
            <lemma>phone</lemma>
            <CharacterOffsetBegin>123</CharacterOffsetBegin>
            <CharacterOffsetEnd>128</CharacterOffsetEnd>
            <POS>NN</POS>
            <NER>O</NER>
            <Speaker>PER0</Speaker>
          </token>
          <token id="14">
            <word>reception</word>
            <lemma>reception</lemma>
            <CharacterOffsetBegin>129</CharacterOffsetBegin>
            <CharacterOffsetEnd>138</CharacterOffsetEnd>
            <POS>NN</POS>
            <NER>O</NER>
            <Speaker>PER0</Speaker>
          </token>
          <token id="15">
            <word>.</word>
            <lemma>.</lemma>
            <CharacterOffsetBegin>138</CharacterOffsetBegin>
            <CharacterOffsetEnd>139</CharacterOffsetEnd>
            <POS>.</POS>
            <NER>O</NER>
            <Speaker>PER0</Speaker>
          </token>
        </tokens>
        <parse>(ROOT
          (FRAG
          (NP
          (NP (NNP Easy) (NN access))
          (PP (TO to)
          (NP (DT all) (NNS buttons)
          (CC and)
          (NNS features))))
          (, ,)
          (PP (IN without)
          (NP
          (NP (DT any) (NN loss))
          (PP (IN of)
          (NP (NN phone) (NN reception)))))
          (. .)))
          
          </parse>
        <dependencies type="basic-dependencies">
          <dep type="root">
            <governor idx="0">ROOT</governor>
            <dependent idx="2">access</dependent>
          </dep>
          <dep type="compound">
            <governor idx="2">access</governor>
            <dependent idx="1">Easy</dependent>
          </dep>
          <dep type="case">
            <governor idx="5">buttons</governor>
            <dependent idx="3">to</dependent>
          </dep>
          <dep type="det">
            <governor idx="5">buttons</governor>
            <dependent idx="4">all</dependent>
          </dep>
          <dep type="nmod">
            <governor idx="2">access</governor>
            <dependent idx="5">buttons</dependent>
          </dep>
          <dep type="cc">
            <governor idx="5">buttons</governor>
            <dependent idx="6">and</dependent>
          </dep>
          <dep type="conj">
            <governor idx="5">buttons</governor>
            <dependent idx="7">features</dependent>
          </dep>
          <dep type="punct">
            <governor idx="2">access</governor>
            <dependent idx="8">,</dependent>
          </dep>
          <dep type="case">
            <governor idx="11">loss</governor>
            <dependent idx="9">without</dependent>
          </dep>
          <dep type="det">
            <governor idx="11">loss</governor>
            <dependent idx="10">any</dependent>
          </dep>
          <dep type="nmod">
            <governor idx="2">access</governor>
            <dependent idx="11">loss</dependent>
          </dep>
          <dep type="case">
            <governor idx="14">reception</governor>
            <dependent idx="12">of</dependent>
          </dep>
          <dep type="compound">
            <governor idx="14">reception</governor>
            <dependent idx="13">phone</dependent>
          </dep>
          <dep type="nmod">
            <governor idx="11">loss</governor>
            <dependent idx="14">reception</dependent>
          </dep>
          <dep type="punct">
            <governor idx="2">access</governor>
            <dependent idx="15">.</dependent>
          </dep>
        </dependencies>
        <dependencies type="collapsed-dependencies">
          <dep type="root">
            <governor idx="0">ROOT</governor>
            <dependent idx="2">access</dependent>
          </dep>
          <dep type="compound">
            <governor idx="2">access</governor>
            <dependent idx="1">Easy</dependent>
          </dep>
          <dep type="case">
            <governor idx="5">buttons</governor>
            <dependent idx="3">to</dependent>
          </dep>
          <dep type="det">
            <governor idx="5">buttons</governor>
            <dependent idx="4">all</dependent>
          </dep>
          <dep type="nmod:to">
            <governor idx="2">access</governor>
            <dependent idx="5">buttons</dependent>
          </dep>
          <dep type="cc">
            <governor idx="5">buttons</governor>
            <dependent idx="6">and</dependent>
          </dep>
          <dep type="conj:and">
            <governor idx="5">buttons</governor>
            <dependent idx="7">features</dependent>
          </dep>
          <dep type="punct">
            <governor idx="2">access</governor>
            <dependent idx="8">,</dependent>
          </dep>
          <dep type="case">
            <governor idx="11">loss</governor>
            <dependent idx="9">without</dependent>
          </dep>
          <dep type="det">
            <governor idx="11">loss</governor>
            <dependent idx="10">any</dependent>
          </dep>
          <dep type="nmod:without">
            <governor idx="2">access</governor>
            <dependent idx="11">loss</dependent>
          </dep>
          <dep type="case">
            <governor idx="14">reception</governor>
            <dependent idx="12">of</dependent>
          </dep>
          <dep type="compound">
            <governor idx="14">reception</governor>
            <dependent idx="13">phone</dependent>
          </dep>
          <dep type="nmod:of">
            <governor idx="11">loss</governor>
            <dependent idx="14">reception</dependent>
          </dep>
          <dep type="punct">
            <governor idx="2">access</governor>
            <dependent idx="15">.</dependent>
          </dep>
        </dependencies>
        <dependencies type="collapsed-ccprocessed-dependencies">
          <dep type="root">
            <governor idx="0">ROOT</governor>
            <dependent idx="2">access</dependent>
          </dep>
          <dep type="compound">
            <governor idx="2">access</governor>
            <dependent idx="1">Easy</dependent>
          </dep>
          <dep type="case">
            <governor idx="5">buttons</governor>
            <dependent idx="3">to</dependent>
          </dep>
          <dep type="det">
            <governor idx="5">buttons</governor>
            <dependent idx="4">all</dependent>
          </dep>
          <dep type="nmod:to">
            <governor idx="2">access</governor>
            <dependent idx="5">buttons</dependent>
          </dep>
          <dep type="cc">
            <governor idx="5">buttons</governor>
            <dependent idx="6">and</dependent>
          </dep>
          <dep type="nmod:to" extra="true">
            <governor idx="2">access</governor>
            <dependent idx="7">features</dependent>
          </dep>
          <dep type="conj:and">
            <governor idx="5">buttons</governor>
            <dependent idx="7">features</dependent>
          </dep>
          <dep type="punct">
            <governor idx="2">access</governor>
            <dependent idx="8">,</dependent>
          </dep>
          <dep type="case">
            <governor idx="11">loss</governor>
            <dependent idx="9">without</dependent>
          </dep>
          <dep type="det">
            <governor idx="11">loss</governor>
            <dependent idx="10">any</dependent>
          </dep>
          <dep type="nmod:without">
            <governor idx="2">access</governor>
            <dependent idx="11">loss</dependent>
          </dep>
          <dep type="case">
            <governor idx="14">reception</governor>
            <dependent idx="12">of</dependent>
          </dep>
          <dep type="compound">
            <governor idx="14">reception</governor>
            <dependent idx="13">phone</dependent>
          </dep>
          <dep type="nmod:of">
            <governor idx="11">loss</governor>
            <dependent idx="14">reception</dependent>
          </dep>
          <dep type="punct">
            <governor idx="2">access</governor>
            <dependent idx="15">.</dependent>
          </dep>
        </dependencies>
      </sentence>
      <sentence id="4">
        <tokens>
          <token id="1">
            <word>But</word>
            <lemma>but</lemma>
            <CharacterOffsetBegin>140</CharacterOffsetBegin>
            <CharacterOffsetEnd>143</CharacterOffsetEnd>
            <POS>CC</POS>
            <NER>O</NER>
            <Speaker>PER0</Speaker>
          </token>
          <token id="2">
            <word>most</word>
            <lemma>most</lemma>
            <CharacterOffsetBegin>144</CharacterOffsetBegin>
            <CharacterOffsetEnd>148</CharacterOffsetEnd>
            <POS>RBS</POS>
            <NER>O</NER>
            <Speaker>PER0</Speaker>
          </token>
          <token id="3">
            <word>importantly</word>
            <lemma>importantly</lemma>
            <CharacterOffsetBegin>149</CharacterOffsetBegin>
            <CharacterOffsetEnd>160</CharacterOffsetEnd>
            <POS>RB</POS>
            <NER>O</NER>
            <Speaker>PER0</Speaker>
          </token>
          <token id="4">
            <word>,</word>
            <lemma>,</lemma>
            <CharacterOffsetBegin>160</CharacterOffsetBegin>
            <CharacterOffsetEnd>161</CharacterOffsetEnd>
            <POS>,</POS>
            <NER>O</NER>
            <Speaker>PER0</Speaker>
          </token>
          <token id="5">
            <word>it</word>
            <lemma>it</lemma>
            <CharacterOffsetBegin>162</CharacterOffsetBegin>
            <CharacterOffsetEnd>164</CharacterOffsetEnd>
            <POS>PRP</POS>
            <NER>O</NER>
            <Speaker>PER0</Speaker>
          </token>
          <token id="6">
            <word>double</word>
            <lemma>double</lemma>
            <CharacterOffsetBegin>165</CharacterOffsetBegin>
            <CharacterOffsetEnd>171</CharacterOffsetEnd>
            <POS>JJ</POS>
            <NER>O</NER>
            <Speaker>PER0</Speaker>
          </token>
          <token id="7">
            <word>power</word>
            <lemma>power</lemma>
            <CharacterOffsetBegin>172</CharacterOffsetBegin>
            <CharacterOffsetEnd>177</CharacterOffsetEnd>
            <POS>NN</POS>
            <NER>O</NER>
            <Speaker>PER0</Speaker>
          </token>
          <token id="8">
            <word>,</word>
            <lemma>,</lemma>
            <CharacterOffsetBegin>177</CharacterOffsetBegin>
            <CharacterOffsetEnd>178</CharacterOffsetEnd>
            <POS>,</POS>
            <NER>O</NER>
            <Speaker>PER0</Speaker>
          </token>
          <token id="9">
            <word>just</word>
            <lemma>just</lemma>
            <CharacterOffsetBegin>179</CharacterOffsetBegin>
            <CharacterOffsetEnd>183</CharacterOffsetEnd>
            <POS>RB</POS>
            <NER>O</NER>
            <Speaker>PER0</Speaker>
          </token>
          <token id="10">
            <word>as</word>
            <lemma>as</lemma>
            <CharacterOffsetBegin>184</CharacterOffsetBegin>
            <CharacterOffsetEnd>186</CharacterOffsetEnd>
            <POS>IN</POS>
            <NER>O</NER>
            <Speaker>PER0</Speaker>
          </token>
          <token id="11">
            <word>promised</word>
            <lemma>promise</lemma>
            <CharacterOffsetBegin>187</CharacterOffsetBegin>
            <CharacterOffsetEnd>195</CharacterOffsetEnd>
            <POS>VBN</POS>
            <NER>O</NER>
            <Speaker>PER0</Speaker>
          </token>
          <token id="12">
            <word>.</word>
            <lemma>.</lemma>
            <CharacterOffsetBegin>195</CharacterOffsetBegin>
            <CharacterOffsetEnd>196</CharacterOffsetEnd>
            <POS>.</POS>
            <NER>O</NER>
            <Speaker>PER0</Speaker>
          </token>
        </tokens>
        <parse>(ROOT
          (S (CC But)
          (NP
          (NP
          (NP (RBS most))
          (ADVP (RB importantly)))
          (, ,)
          (NP
          (NP (PRP it))
          (NP (JJ double) (NN power)))
          (, ,))
          (VP
          (ADVP (RB just) (IN as))
          (VBN promised))
          (. .)))
          
          </parse>
        <dependencies type="basic-dependencies">
          <dep type="root">
            <governor idx="0">ROOT</governor>
            <dependent idx="11">promised</dependent>
          </dep>
          <dep type="cc">
            <governor idx="11">promised</governor>
            <dependent idx="1">But</dependent>
          </dep>
          <dep type="nsubj">
            <governor idx="11">promised</governor>
            <dependent idx="2">most</dependent>
          </dep>
          <dep type="advmod">
            <governor idx="2">most</governor>
            <dependent idx="3">importantly</dependent>
          </dep>
          <dep type="punct">
            <governor idx="2">most</governor>
            <dependent idx="4">,</dependent>
          </dep>
          <dep type="appos">
            <governor idx="2">most</governor>
            <dependent idx="5">it</dependent>
          </dep>
          <dep type="amod">
            <governor idx="7">power</governor>
            <dependent idx="6">double</dependent>
          </dep>
          <dep type="dep">
            <governor idx="5">it</governor>
            <dependent idx="7">power</dependent>
          </dep>
          <dep type="punct">
            <governor idx="2">most</governor>
            <dependent idx="8">,</dependent>
          </dep>
          <dep type="advmod">
            <governor idx="11">promised</governor>
            <dependent idx="9">just</dependent>
          </dep>
          <dep type="case">
            <governor idx="9">just</governor>
            <dependent idx="10">as</dependent>
          </dep>
          <dep type="punct">
            <governor idx="11">promised</governor>
            <dependent idx="12">.</dependent>
          </dep>
        </dependencies>
        <dependencies type="collapsed-dependencies">
          <dep type="root">
            <governor idx="0">ROOT</governor>
            <dependent idx="11">promised</dependent>
          </dep>
          <dep type="cc">
            <governor idx="11">promised</governor>
            <dependent idx="1">But</dependent>
          </dep>
          <dep type="nsubj">
            <governor idx="11">promised</governor>
            <dependent idx="2">most</dependent>
          </dep>
          <dep type="advmod">
            <governor idx="2">most</governor>
            <dependent idx="3">importantly</dependent>
          </dep>
          <dep type="punct">
            <governor idx="2">most</governor>
            <dependent idx="4">,</dependent>
          </dep>
          <dep type="appos">
            <governor idx="2">most</governor>
            <dependent idx="5">it</dependent>
          </dep>
          <dep type="amod">
            <governor idx="7">power</governor>
            <dependent idx="6">double</dependent>
          </dep>
          <dep type="dep">
            <governor idx="5">it</governor>
            <dependent idx="7">power</dependent>
          </dep>
          <dep type="punct">
            <governor idx="2">most</governor>
            <dependent idx="8">,</dependent>
          </dep>
          <dep type="advmod">
            <governor idx="11">promised</governor>
            <dependent idx="9">just</dependent>
          </dep>
          <dep type="case">
            <governor idx="9">just</governor>
            <dependent idx="10">as</dependent>
          </dep>
          <dep type="punct">
            <governor idx="11">promised</governor>
            <dependent idx="12">.</dependent>
          </dep>
        </dependencies>
        <dependencies type="collapsed-ccprocessed-dependencies">
          <dep type="root">
            <governor idx="0">ROOT</governor>
            <dependent idx="11">promised</dependent>
          </dep>
          <dep type="cc">
            <governor idx="11">promised</governor>
            <dependent idx="1">But</dependent>
          </dep>
          <dep type="nsubj">
            <governor idx="11">promised</governor>
            <dependent idx="2">most</dependent>
          </dep>
          <dep type="advmod">
            <governor idx="2">most</governor>
            <dependent idx="3">importantly</dependent>
          </dep>
          <dep type="punct">
            <governor idx="2">most</governor>
            <dependent idx="4">,</dependent>
          </dep>
          <dep type="appos">
            <governor idx="2">most</governor>
            <dependent idx="5">it</dependent>
          </dep>
          <dep type="amod">
            <governor idx="7">power</governor>
            <dependent idx="6">double</dependent>
          </dep>
          <dep type="dep">
            <governor idx="5">it</governor>
            <dependent idx="7">power</dependent>
          </dep>
          <dep type="punct">
            <governor idx="2">most</governor>
            <dependent idx="8">,</dependent>
          </dep>
          <dep type="advmod">
            <governor idx="11">promised</governor>
            <dependent idx="9">just</dependent>
          </dep>
          <dep type="case">
            <governor idx="9">just</governor>
            <dependent idx="10">as</dependent>
          </dep>
          <dep type="punct">
            <governor idx="11">promised</governor>
            <dependent idx="12">.</dependent>
          </dep>
        </dependencies>
      </sentence>
      <sentence id="5">
        <tokens>
          <token id="1">
            <word>Great</word>
            <lemma>great</lemma>
            <CharacterOffsetBegin>197</CharacterOffsetBegin>
            <CharacterOffsetEnd>202</CharacterOffsetEnd>
            <POS>JJ</POS>
            <NER>O</NER>
            <Speaker>PER0</Speaker>
          </token>
          <token id="2">
            <word>buy</word>
            <lemma>buy</lemma>
            <CharacterOffsetBegin>203</CharacterOffsetBegin>
            <CharacterOffsetEnd>206</CharacterOffsetEnd>
            <POS>NN</POS>
            <NER>O</NER>
            <Speaker>PER0</Speaker>
          </token>
          <token id="3">
            <word>.</word>
            <lemma>.</lemma>
            <CharacterOffsetBegin>206</CharacterOffsetBegin>
            <CharacterOffsetEnd>207</CharacterOffsetEnd>
            <POS>.</POS>
            <NER>O</NER>
            <Speaker>PER0</Speaker>
          </token>
        </tokens>
        <parse>(ROOT
          (NP (JJ Great) (NN buy) (. .)))
          
          </parse>
        <dependencies type="basic-dependencies">
          <dep type="root">
            <governor idx="0">ROOT</governor>
            <dependent idx="2">buy</dependent>
          </dep>
          <dep type="amod">
            <governor idx="2">buy</governor>
            <dependent idx="1">Great</dependent>
          </dep>
          <dep type="punct">
            <governor idx="2">buy</governor>
            <dependent idx="3">.</dependent>
          </dep>
        </dependencies>
        <dependencies type="collapsed-dependencies">
          <dep type="root">
            <governor idx="0">ROOT</governor>
            <dependent idx="2">buy</dependent>
          </dep>
          <dep type="amod">
            <governor idx="2">buy</governor>
            <dependent idx="1">Great</dependent>
          </dep>
          <dep type="punct">
            <governor idx="2">buy</governor>
            <dependent idx="3">.</dependent>
          </dep>
        </dependencies>
        <dependencies type="collapsed-ccprocessed-dependencies">
          <dep type="root">
            <governor idx="0">ROOT</governor>
            <dependent idx="2">buy</dependent>
          </dep>
          <dep type="amod">
            <governor idx="2">buy</governor>
            <dependent idx="1">Great</dependent>
          </dep>
          <dep type="punct">
            <governor idx="2">buy</governor>
            <dependent idx="3">.</dependent>
          </dep>
        </dependencies>
      </sentence>
      <sentence id="6">
        <tokens>
          <token id="1">
            <word>My</word>
            <lemma>my</lemma>
            <CharacterOffsetBegin>210</CharacterOffsetBegin>
            <CharacterOffsetEnd>212</CharacterOffsetEnd>
            <POS>PRP$</POS>
            <NER>O</NER>
            <Speaker>PER0</Speaker>
          </token>
          <token id="2">
            <word>name</word>
            <lemma>name</lemma>
            <CharacterOffsetBegin>213</CharacterOffsetBegin>
            <CharacterOffsetEnd>217</CharacterOffsetEnd>
            <POS>NN</POS>
            <NER>O</NER>
            <Speaker>PER0</Speaker>
          </token>
          <token id="3">
            <word>is</word>
            <lemma>be</lemma>
            <CharacterOffsetBegin>218</CharacterOffsetBegin>
            <CharacterOffsetEnd>220</CharacterOffsetEnd>
            <POS>VBZ</POS>
            <NER>O</NER>
            <Speaker>PER0</Speaker>
          </token>
          <token id="4">
            <word>Jonh</word>
            <lemma>Jonh</lemma>
            <CharacterOffsetBegin>221</CharacterOffsetBegin>
            <CharacterOffsetEnd>225</CharacterOffsetEnd>
            <POS>NNP</POS>
            <NER>PERSON</NER>
            <Speaker>PER0</Speaker>
          </token>
          <token id="5">
            <word>.</word>
            <lemma>.</lemma>
            <CharacterOffsetBegin>225</CharacterOffsetBegin>
            <CharacterOffsetEnd>226</CharacterOffsetEnd>
            <POS>.</POS>
            <NER>O</NER>
            <Speaker>PER0</Speaker>
          </token>
        </tokens>
        <parse>(ROOT
          (S
          (NP (PRP$ My) (NN name))
          (VP (VBZ is)
          (NP (NNP Jonh)))
          (. .)))
          
          </parse>
        <dependencies type="basic-dependencies">
          <dep type="root">
            <governor idx="0">ROOT</governor>
            <dependent idx="4">Jonh</dependent>
          </dep>
          <dep type="nmod:poss">
            <governor idx="2">name</governor>
            <dependent idx="1">My</dependent>
          </dep>
          <dep type="nsubj">
            <governor idx="4">Jonh</governor>
            <dependent idx="2">name</dependent>
          </dep>
          <dep type="cop">
            <governor idx="4">Jonh</governor>
            <dependent idx="3">is</dependent>
          </dep>
          <dep type="punct">
            <governor idx="4">Jonh</governor>
            <dependent idx="5">.</dependent>
          </dep>
        </dependencies>
        <dependencies type="collapsed-dependencies">
          <dep type="root">
            <governor idx="0">ROOT</governor>
            <dependent idx="4">Jonh</dependent>
          </dep>
          <dep type="nmod:poss">
            <governor idx="2">name</governor>
            <dependent idx="1">My</dependent>
          </dep>
          <dep type="nsubj">
            <governor idx="4">Jonh</governor>
            <dependent idx="2">name</dependent>
          </dep>
          <dep type="cop">
            <governor idx="4">Jonh</governor>
            <dependent idx="3">is</dependent>
          </dep>
          <dep type="punct">
            <governor idx="4">Jonh</governor>
            <dependent idx="5">.</dependent>
          </dep>
        </dependencies>
        <dependencies type="collapsed-ccprocessed-dependencies">
          <dep type="root">
            <governor idx="0">ROOT</governor>
            <dependent idx="4">Jonh</dependent>
          </dep>
          <dep type="nmod:poss">
            <governor idx="2">name</governor>
            <dependent idx="1">My</dependent>
          </dep>
          <dep type="nsubj">
            <governor idx="4">Jonh</governor>
            <dependent idx="2">name</dependent>
          </dep>
          <dep type="cop">
            <governor idx="4">Jonh</governor>
            <dependent idx="3">is</dependent>
          </dep>
          <dep type="punct">
            <governor idx="4">Jonh</governor>
            <dependent idx="5">.</dependent>
          </dep>
        </dependencies>
      </sentence>
    </sentences>
  </document>
</root>
